# JRE version: OpenJDK Runtime Environment JBR-17.0.9+7-1087.9-jcef (17.0.9+7) (build 17.0.9+7-b1087.9)
# Java VM: OpenJDK 64-Bit Server VM JBR-17.0.9+7-1087.9-jcef (17.0.9+7-b1087.9, mixed mode, tiered, compressed oops, compressed class ptrs, g1 gc, windows-amd64)
GC Precious Log:
 CPUs: 20 total, 20 available
 Memory: 32509M
 Large Page Support: Disabled
 NUMA Support: Disabled
 Compressed Oops: Enabled (32-bit)
 Heap Region Size: 1M
 Heap Min Capacity: 128M
 Heap Initial Capacity: 128M
 Heap Max Capacity: 2G
 Pre-touch: Disabled
 Parallel Workers: 15
 Concurrent Workers: 4
 Concurrent Refinement Workers: 15
 Periodic GC: Disabled
Heap:
 garbage-first heap   total 131072K, used 11060K [0x0000000080000000, 0x0000000100000000)
  region size 1024K, 6 young (6144K), 0 survivors (0K)
 Metaspace       used 17662K, committed 18304K, reserved 1114112K
  class space    used 1744K, committed 1984K, reserved 1048576K
GC Heap History (14 events):
Event: 0.696 GC heap before
{Heap before GC invocations=0 (full 0):
 garbage-first heap   total 131072K, used 24576K [0x0000000080000000, 0x0000000100000000)
  region size 1024K, 23 young (23552K), 0 survivors (0K)
 Metaspace       used 16829K, committed 17152K, reserved 1114112K
  class space    used 1722K, committed 1856K, reserved 1048576K
}
Event: 0.700 GC heap after
{Heap after GC invocations=1 (full 0):
 garbage-first heap   total 131072K, used 6954K [0x0000000080000000, 0x0000000100000000)
  region size 1024K, 3 young (3072K), 3 survivors (3072K)
 Metaspace       used 16829K, committed 17152K, reserved 1114112K
  class space    used 1722K, committed 1856K, reserved 1048576K
}
Event: 3091.596 GC heap before
{Heap before GC invocations=1 (full 0):
 garbage-first heap   total 131072K, used 37674K [0x0000000080000000, 0x0000000100000000)
  region size 1024K, 33 young (33792K), 3 survivors (3072K)
 Metaspace       used 17947K, committed 18304K, reserved 1114112K
  class space    used 1805K, committed 1984K, reserved 1048576K
}
Event: 3091.613 GC heap after
{Heap after GC invocations=2 (full 0):
 garbage-first heap   total 131072K, used 7334K [0x0000000080000000, 0x0000000100000000)
  region size 1024K, 1 young (1024K), 1 survivors (1024K)
 Metaspace       used 17947K, committed 18304K, reserved 1114112K
  class space    used 1805K, committed 1984K, reserved 1048576K
}
Event: 3600.016 GC heap before
{Heap before GC invocations=2 (full 0):
 garbage-first heap   total 131072K, used 9382K [0x0000000080000000, 0x0000000100000000)
  region size 1024K, 4 young (4096K), 1 survivors (1024K)
 Metaspace       used 17948K, committed 18304K, reserved 1114112K
  class space    used 1805K, committed 1984K, reserved 1048576K
}
Event: 3600.036 GC heap after
{Heap after GC invocations=3 (full 1):
 garbage-first heap   total 131072K, used 5946K [0x0000000080000000, 0x0000000100000000)
  region size 1024K, 0 young (0K), 0 survivors (0K)
 Metaspace       used 17655K, committed 18304K, reserved 1114112K
  class space    used 1744K, committed 1984K, reserved 1048576K
}
Event: 7200.042 GC heap before
{Heap before GC invocations=3 (full 1):
 garbage-first heap   total 131072K, used 11066K [0x0000000080000000, 0x0000000100000000)
  region size 1024K, 6 young (6144K), 0 survivors (0K)
 Metaspace       used 17655K, committed 18304K, reserved 1114112K
  class space    used 1744K, committed 1984K, reserved 1048576K
}
Event: 7200.069 GC heap after
{Heap after GC invocations=4 (full 2):
 garbage-first heap   total 131072K, used 5937K [0x0000000080000000, 0x0000000100000000)
  region size 1024K, 0 young (0K), 0 survivors (0K)
 Metaspace       used 17655K, committed 18304K, reserved 1114112K
  class space    used 1744K, committed 1984K, reserved 1048576K
}
Event: 10800.082 GC heap before
{Heap before GC invocations=4 (full 2):
 garbage-first heap   total 131072K, used 11057K [0x0000000080000000, 0x0000000100000000)
  region size 1024K, 6 young (6144K), 0 survivors (0K)
 Metaspace       used 17655K, committed 18304K, reserved 1114112K
  class space    used 1744K, committed 1984K, reserved 1048576K
}
Event: 10800.091 GC heap after
{Heap after GC invocations=5 (full 3):
 garbage-first heap   total 131072K, used 5937K [0x0000000080000000, 0x0000000100000000)
  region size 1024K, 0 young (0K), 0 survivors (0K)
 Metaspace       used 17655K, committed 18304K, reserved 1114112K
  class space    used 1744K, committed 1984K, reserved 1048576K
}
Event: 14400.107 GC heap before
{Heap before GC invocations=5 (full 3):
 garbage-first heap   total 131072K, used 11057K [0x0000000080000000, 0x0000000100000000)
  region size 1024K, 6 young (6144K), 0 survivors (0K)
 Metaspace       used 17658K, committed 18304K, reserved 1114112K
  class space    used 1744K, committed 1984K, reserved 1048576K
}
Event: 14400.124 GC heap after
{Heap after GC invocations=6 (full 4):
 garbage-first heap   total 131072K, used 5938K [0x0000000080000000, 0x0000000100000000)
  region size 1024K, 0 young (0K), 0 survivors (0K)
 Metaspace       used 17658K, committed 18304K, reserved 1114112K
  class space    used 1744K, committed 1984K, reserved 1048576K
}
Event: 18000.135 GC heap before
{Heap before GC invocations=6 (full 4):
 garbage-first heap   total 131072K, used 11058K [0x0000000080000000, 0x0000000100000000)
  region size 1024K, 6 young (6144K), 0 survivors (0K)
 Metaspace       used 17662K, committed 18304K, reserved 1114112K
  class space    used 1744K, committed 1984K, reserved 1048576K
}
Event: 18000.171 GC heap after
{Heap after GC invocations=7 (full 5):
 garbage-first heap   total 131072K, used 5940K [0x0000000080000000, 0x0000000100000000)
  region size 1024K, 0 young (0K), 0 survivors (0K)
 Metaspace       used 17662K, committed 18304K, reserved 1114112K
  class space    used 1744K, committed 1984K, reserved 1048576K
}

